Change Component Designator: Old Designator=C14 New Designator=C15
Change Component Designator: Old Designator=C15 New Designator=C16
Change Component Designator: Old Designator=C16 New Designator=C17
Change Component Designator: Old Designator=C17 New Designator=C18
Change Component Designator: Old Designator=C18 New Designator=C19
Change Component Designator: Old Designator=C19 New Designator=C20
Change Component Designator: Old Designator=C20 New Designator=C21
Change Component Designator: Old Designator=C? New Designator=C1
Change Component Designator: Old Designator=C? New Designator=C14
Change Component Designator: Old Designator=C? New Designator=C22
Change Component Designator: Old Designator=C? New Designator=C23
Change Component Designator: Old Designator=D1 New Designator=D3
Change Component Designator: Old Designator=D2 New Designator=D4
Change Component Designator: Old Designator=D3 New Designator=D5
Change Component Designator: Old Designator=D4 New Designator=D6
Change Component Designator: Old Designator=D5 New Designator=D7
Change Component Designator: Old Designator=D6 New Designator=D8
Change Component Designator: Old Designator=D7 New Designator=D9
Change Component Designator: Old Designator=D8 New Designator=D10
Change Component Designator: Old Designator=D9 New Designator=D11
Change Component Designator: Old Designator=D10 New Designator=D12
Change Component Designator: Old Designator=D11 New Designator=D13
Change Component Designator: Old Designator=D12 New Designator=D14
Change Component Designator: Old Designator=D13 New Designator=D15
Change Component Designator: Old Designator=D14 New Designator=D16
Change Component Designator: Old Designator=D15 New Designator=D17
Change Component Designator: Old Designator=D16 New Designator=D18
Change Component Designator: Old Designator=D17 New Designator=D19
Change Component Designator: Old Designator=D18 New Designator=D20
Change Component Designator: Old Designator=D19 New Designator=D21
Change Component Designator: Old Designator=D20 New Designator=D22
Change Component Designator: Old Designator=D21 New Designator=D23
Change Component Designator: Old Designator=D22 New Designator=D24
Change Component Designator: Old Designator=D23 New Designator=D25
Change Component Designator: Old Designator=D24 New Designator=D26
Change Component Designator: Old Designator=D25 New Designator=D27
Change Component Designator: Old Designator=D26 New Designator=D28
Change Component Designator: Old Designator=D27 New Designator=D29
Change Component Designator: Old Designator=D28 New Designator=D30
Change Component Designator: Old Designator=D29 New Designator=D31
Change Component Designator: Old Designator=D30 New Designator=D32
Change Component Designator: Old Designator=D31 New Designator=D33
Change Component Designator: Old Designator=D32 New Designator=D34
Change Component Designator: Old Designator=D33 New Designator=D35
Change Component Designator: Old Designator=D34 New Designator=D36
Change Component Designator: Old Designator=D35 New Designator=D37
Change Component Designator: Old Designator=D36 New Designator=D38
Change Component Designator: Old Designator=D? New Designator=D1
Change Component Designator: Old Designator=D? New Designator=D2
Change Component Designator: Old Designator=J? New Designator=J1
Change Component Designator: Old Designator=J? New Designator=J2
Change Component Designator: Old Designator=J? New Designator=J3
Change Component Designator: Old Designator=J? New Designator=J4
Change Component Designator: Old Designator=J? New Designator=J5
Change Component Designator: Old Designator=J? New Designator=J6
Change Component Designator: Old Designator=J? New Designator=J7
Change Component Designator: Old Designator=J? New Designator=J8
Change Component Designator: Old Designator=R2 New Designator=R8
Change Component Designator: Old Designator=R3 New Designator=R9
Change Component Designator: Old Designator=R4 New Designator=R10
Change Component Designator: Old Designator=R5 New Designator=R11
Change Component Designator: Old Designator=R6 New Designator=R12
Change Component Designator: Old Designator=R7 New Designator=R13
Change Component Designator: Old Designator=R8 New Designator=R14
Change Component Designator: Old Designator=R9 New Designator=R15
Change Component Designator: Old Designator=R10 New Designator=R16
Change Component Designator: Old Designator=R11 New Designator=R17
Change Component Designator: Old Designator=R12 New Designator=R18
Change Component Designator: Old Designator=R13 New Designator=R19
Change Component Designator: Old Designator=R14 New Designator=R20
Change Component Designator: Old Designator=R15 New Designator=R21
Change Component Designator: Old Designator=R16 New Designator=R22
Change Component Designator: Old Designator=R17 New Designator=R23
Change Component Designator: Old Designator=R18 New Designator=R24
Change Component Designator: Old Designator=R19 New Designator=R25
Change Component Designator: Old Designator=R20 New Designator=R26
Change Component Designator: Old Designator=R21 New Designator=R27
Change Component Designator: Old Designator=R22 New Designator=R28
Change Component Designator: Old Designator=R23 New Designator=R29
Change Component Designator: Old Designator=R24 New Designator=R30
Change Component Designator: Old Designator=R25 New Designator=R31
Change Component Designator: Old Designator=R26 New Designator=R32
Change Component Designator: Old Designator=R27 New Designator=R33
Change Component Designator: Old Designator=R28 New Designator=R34
Change Component Designator: Old Designator=R29 New Designator=R35
Change Component Designator: Old Designator=R30 New Designator=R36
Change Component Designator: Old Designator=R31 New Designator=R37
Change Component Designator: Old Designator=R32 New Designator=R38
Change Component Designator: Old Designator=R33 New Designator=R39
Change Component Designator: Old Designator=R34 New Designator=R40
Change Component Designator: Old Designator=R35 New Designator=R41
Change Component Designator: Old Designator=R36 New Designator=R42
Change Component Designator: Old Designator=R37 New Designator=R43
Change Component Designator: Old Designator=R38 New Designator=R44
Change Component Designator: Old Designator=R39 New Designator=R45
Change Component Designator: Old Designator=R40 New Designator=R46
Change Component Designator: Old Designator=R41 New Designator=R47
Change Component Designator: Old Designator=R42 New Designator=R48
Change Component Designator: Old Designator=R43 New Designator=R49
Change Component Designator: Old Designator=R44 New Designator=R50
Change Component Designator: Old Designator=R45 New Designator=R51
Change Component Designator: Old Designator=R46 New Designator=R52
Change Component Designator: Old Designator=R47 New Designator=R53
Change Component Designator: Old Designator=R48 New Designator=R54
Change Component Designator: Old Designator=R49 New Designator=R55
Change Component Designator: Old Designator=R50 New Designator=R56
Change Component Designator: Old Designator=R51 New Designator=R57
Change Component Designator: Old Designator=R52 New Designator=R58
Change Component Designator: Old Designator=R53 New Designator=R59
Change Component Designator: Old Designator=R54 New Designator=R60
Change Component Designator: Old Designator=R55 New Designator=R61
Change Component Designator: Old Designator=R56 New Designator=R62
Change Component Designator: Old Designator=R57 New Designator=R63
Change Component Designator: Old Designator=R58 New Designator=R64
Change Component Designator: Old Designator=R59 New Designator=R65
Change Component Designator: Old Designator=R60 New Designator=R66
Change Component Designator: Old Designator=R61 New Designator=R67
Change Component Designator: Old Designator=R62 New Designator=R68
Change Component Designator: Old Designator=R63 New Designator=R69
Change Component Designator: Old Designator=R64 New Designator=R70
Change Component Designator: Old Designator=R65 New Designator=R71
Change Component Designator: Old Designator=R66 New Designator=R72
Change Component Designator: Old Designator=R67 New Designator=R73
Change Component Designator: Old Designator=R68 New Designator=R74
Change Component Designator: Old Designator=R69 New Designator=R75
Change Component Designator: Old Designator=R70 New Designator=R76
Change Component Designator: Old Designator=R71 New Designator=R77
Change Component Designator: Old Designator=R72 New Designator=R78
Change Component Designator: Old Designator=R73 New Designator=R79
Change Component Designator: Old Designator=R74 New Designator=R80
Change Component Designator: Old Designator=R75 New Designator=R81
Change Component Designator: Old Designator=R76 New Designator=R82
Change Component Designator: Old Designator=R77 New Designator=R83
Change Component Designator: Old Designator=R78 New Designator=R84
Change Component Designator: Old Designator=R79 New Designator=R85
Change Component Designator: Old Designator=R80 New Designator=R86
Change Component Designator: Old Designator=R81 New Designator=R87
Change Component Designator: Old Designator=R82 New Designator=R88
Change Component Designator: Old Designator=R83 New Designator=R89
Change Component Designator: Old Designator=R84 New Designator=R90
Change Component Designator: Old Designator=R85 New Designator=R91
Change Component Designator: Old Designator=R86 New Designator=R92
Change Component Designator: Old Designator=R87 New Designator=R93
Change Component Designator: Old Designator=R88 New Designator=R94
Change Component Designator: Old Designator=R89 New Designator=R95
Change Component Designator: Old Designator=R90 New Designator=R96
Change Component Designator: Old Designator=R91 New Designator=R97
Change Component Designator: Old Designator=R92 New Designator=R98
Change Component Designator: Old Designator=R93 New Designator=R99
Change Component Designator: Old Designator=R94 New Designator=R100
Change Component Designator: Old Designator=R95 New Designator=R101
Change Component Designator: Old Designator=R96 New Designator=R102
Change Component Designator: Old Designator=R97 New Designator=R103
Change Component Designator: Old Designator=R98 New Designator=R104
Change Component Designator: Old Designator=R99 New Designator=R105
Change Component Designator: Old Designator=R100 New Designator=R106
Change Component Designator: Old Designator=R101 New Designator=R107
Change Component Designator: Old Designator=R102 New Designator=R108
Change Component Designator: Old Designator=R103 New Designator=R109
Change Component Designator: Old Designator=R104 New Designator=R110
Change Component Designator: Old Designator=R105 New Designator=R111
Change Component Designator: Old Designator=R106 New Designator=R112
Change Component Designator: Old Designator=R? New Designator=R1
Change Component Designator: Old Designator=R? New Designator=R2
Change Component Designator: Old Designator=R? New Designator=R3
Change Component Designator: Old Designator=R? New Designator=R4
Change Component Designator: Old Designator=R? New Designator=R5
Change Component Designator: Old Designator=R? New Designator=R6
Change Component Designator: Old Designator=R? New Designator=R7
Change Component Designator: Old Designator=S? New Designator=S1
Change Component Designator: Old Designator=S? New Designator=S2
Change Component Designator: Old Designator=S? New Designator=S3
Change Component Designator: Old Designator=S? New Designator=S4
Change Component Designator: Old Designator=S? New Designator=S5
Change Component Designator: Old Designator=TP1 New Designator=TP31
Change Component Designator: Old Designator=TP2 New Designator=TP32
Change Component Designator: Old Designator=TP3 New Designator=TP33
Change Component Designator: Old Designator=TP4 New Designator=TP34
Change Component Designator: Old Designator=TP5 New Designator=TP35
Change Component Designator: Old Designator=TP6 New Designator=TP36
Change Component Designator: Old Designator=TP7 New Designator=TP37
Change Component Designator: Old Designator=TP8 New Designator=TP38
Change Component Designator: Old Designator=TP9 New Designator=TP39
Change Component Designator: Old Designator=TP10 New Designator=TP40
Change Component Designator: Old Designator=TP11 New Designator=TP41
Change Component Designator: Old Designator=TP12 New Designator=TP42
Change Component Designator: Old Designator=TP13 New Designator=TP43
Change Component Designator: Old Designator=TP14 New Designator=TP44
Change Component Designator: Old Designator=TP15 New Designator=TP45
Change Component Designator: Old Designator=TP16 New Designator=TP46
Change Component Designator: Old Designator=TP17 New Designator=TP47
Change Component Designator: Old Designator=TP18 New Designator=TP48
Change Component Designator: Old Designator=TP19 New Designator=TP49
Change Component Designator: Old Designator=TP20 New Designator=TP50
Change Component Designator: Old Designator=TP21 New Designator=TP51
Change Component Designator: Old Designator=TP22 New Designator=TP52
Change Component Designator: Old Designator=TP23 New Designator=TP53
Change Component Designator: Old Designator=TP24 New Designator=TP54
Change Component Designator: Old Designator=TP25 New Designator=TP55
Change Component Designator: Old Designator=TP26 New Designator=TP56
Change Component Designator: Old Designator=TP27 New Designator=TP57
Change Component Designator: Old Designator=TP28 New Designator=TP58
Change Component Designator: Old Designator=TP29 New Designator=TP59
Change Component Designator: Old Designator=TP30 New Designator=TP60
Change Component Designator: Old Designator=TP31 New Designator=TP61
Change Component Designator: Old Designator=TP32 New Designator=TP62
Change Component Designator: Old Designator=TP33 New Designator=TP63
Change Component Designator: Old Designator=TP34 New Designator=TP64
Change Component Designator: Old Designator=TP35 New Designator=TP65
Change Component Designator: Old Designator=TP? New Designator=TP1
Change Component Designator: Old Designator=TP? New Designator=TP2
Change Component Designator: Old Designator=TP? New Designator=TP3
Change Component Designator: Old Designator=TP? New Designator=TP4
Change Component Designator: Old Designator=TP? New Designator=TP5
Change Component Designator: Old Designator=TP? New Designator=TP6
Change Component Designator: Old Designator=TP? New Designator=TP7
Change Component Designator: Old Designator=TP? New Designator=TP8
Change Component Designator: Old Designator=TP? New Designator=TP9
Change Component Designator: Old Designator=TP? New Designator=TP10
Change Component Designator: Old Designator=TP? New Designator=TP11
Change Component Designator: Old Designator=TP? New Designator=TP12
Change Component Designator: Old Designator=TP? New Designator=TP13
Change Component Designator: Old Designator=TP? New Designator=TP14
Change Component Designator: Old Designator=TP? New Designator=TP15
Change Component Designator: Old Designator=TP? New Designator=TP16
Change Component Designator: Old Designator=TP? New Designator=TP17
Change Component Designator: Old Designator=TP? New Designator=TP18
Change Component Designator: Old Designator=TP? New Designator=TP19
Change Component Designator: Old Designator=TP? New Designator=TP20
Change Component Designator: Old Designator=TP? New Designator=TP21
Change Component Designator: Old Designator=TP? New Designator=TP22
Change Component Designator: Old Designator=TP? New Designator=TP23
Change Component Designator: Old Designator=TP? New Designator=TP24
Change Component Designator: Old Designator=TP? New Designator=TP25
Change Component Designator: Old Designator=TP? New Designator=TP26
Change Component Designator: Old Designator=TP? New Designator=TP27
Change Component Designator: Old Designator=TP? New Designator=TP28
Change Component Designator: Old Designator=TP? New Designator=TP29
Change Component Designator: Old Designator=TP? New Designator=TP30
Change Component Designator: Old Designator=U2 New Designator=U1
Change Component Designator: Old Designator=U3 New Designator=U2
Change Component Designator: Old Designator=U4 New Designator=U3
