Change Component Designator: Old Designator=* New Designator=*1
Change Component Designator: Old Designator=C2 New Designator=C3
Change Component Designator: Old Designator=C6 New Designator=C8
Change Component Designator: Old Designator=C7 New Designator=C11
Change Component Designator: Old Designator=C8 New Designator=C13
Change Component Designator: Old Designator=C? New Designator=C2
Change Component Designator: Old Designator=C? New Designator=C4
Change Component Designator: Old Designator=C? New Designator=C6
Change Component Designator: Old Designator=C? New Designator=C7
Change Component Designator: Old Designator=C? New Designator=C9
Change Component Designator: Old Designator=C? New Designator=C10
Change Component Designator: Old Designator=C? New Designator=C12
Change Component Designator: Old Designator=C? New Designator=C14
Change Component Designator: Old Designator=C? New Designator=C15
Change Component Designator: Old Designator=C? New Designator=C16
Change Component Designator: Old Designator=C? New Designator=C17
Change Component Designator: Old Designator=C? New Designator=C18
Change Component Designator: Old Designator=C? New Designator=C19
Change Component Designator: Old Designator=C? New Designator=C20
Change Component Designator: Old Designator=D1 New Designator=D3
Change Component Designator: Old Designator=D2 New Designator=D4
Change Component Designator: Old Designator=D3 New Designator=D5
Change Component Designator: Old Designator=D4 New Designator=D6
Change Component Designator: Old Designator=D5 New Designator=D7
Change Component Designator: Old Designator=D6 New Designator=D8
Change Component Designator: Old Designator=D7 New Designator=D9
Change Component Designator: Old Designator=D8 New Designator=D10
Change Component Designator: Old Designator=D9 New Designator=D11
Change Component Designator: Old Designator=D10 New Designator=D12
Change Component Designator: Old Designator=D11 New Designator=D13
Change Component Designator: Old Designator=D12 New Designator=D14
Change Component Designator: Old Designator=D13 New Designator=D15
Change Component Designator: Old Designator=D14 New Designator=D16
Change Component Designator: Old Designator=D15 New Designator=D17
Change Component Designator: Old Designator=D16 New Designator=D18
Change Component Designator: Old Designator=D17 New Designator=D19
Change Component Designator: Old Designator=D18 New Designator=D20
Change Component Designator: Old Designator=D19 New Designator=D21
Change Component Designator: Old Designator=D20 New Designator=D22
Change Component Designator: Old Designator=D21 New Designator=D23
Change Component Designator: Old Designator=D22 New Designator=D24
Change Component Designator: Old Designator=D23 New Designator=D25
Change Component Designator: Old Designator=D24 New Designator=D26
Change Component Designator: Old Designator=D25 New Designator=D27
Change Component Designator: Old Designator=D26 New Designator=D28
Change Component Designator: Old Designator=D27 New Designator=D29
Change Component Designator: Old Designator=D28 New Designator=D30
Change Component Designator: Old Designator=D29 New Designator=D31
Change Component Designator: Old Designator=D30 New Designator=D32
Change Component Designator: Old Designator=D31 New Designator=D33
Change Component Designator: Old Designator=D32 New Designator=D34
Change Component Designator: Old Designator=D33 New Designator=D35
Change Component Designator: Old Designator=D34 New Designator=D36
Change Component Designator: Old Designator=D36 New Designator=D2
Change Component Designator: Old Designator=D? New Designator=D1
Change Component Designator: Old Designator=Q1 New Designator=Q2
Change Component Designator: Old Designator=Q2 New Designator=Q3
Change Component Designator: Old Designator=Q3 New Designator=Q4
Change Component Designator: Old Designator=Q4 New Designator=Q5
Change Component Designator: Old Designator=Q5 New Designator=Q6
Change Component Designator: Old Designator=Q6 New Designator=Q7
Change Component Designator: Old Designator=Q7 New Designator=Q8
Change Component Designator: Old Designator=Q8 New Designator=Q9
Change Component Designator: Old Designator=Q9 New Designator=Q10
Change Component Designator: Old Designator=Q10 New Designator=Q11
Change Component Designator: Old Designator=Q11 New Designator=Q12
Change Component Designator: Old Designator=Q12 New Designator=Q13
Change Component Designator: Old Designator=Q13 New Designator=Q14
Change Component Designator: Old Designator=Q14 New Designator=Q15
Change Component Designator: Old Designator=Q15 New Designator=Q16
Change Component Designator: Old Designator=Q16 New Designator=Q17
Change Component Designator: Old Designator=Q17 New Designator=Q18
Change Component Designator: Old Designator=Q18 New Designator=Q19
Change Component Designator: Old Designator=Q19 New Designator=Q20
Change Component Designator: Old Designator=Q20 New Designator=Q21
Change Component Designator: Old Designator=Q21 New Designator=Q22
Change Component Designator: Old Designator=Q22 New Designator=Q23
Change Component Designator: Old Designator=Q23 New Designator=Q24
Change Component Designator: Old Designator=Q24 New Designator=Q25
Change Component Designator: Old Designator=Q25 New Designator=Q26
Change Component Designator: Old Designator=Q26 New Designator=Q27
Change Component Designator: Old Designator=Q27 New Designator=Q28
Change Component Designator: Old Designator=Q28 New Designator=Q29
Change Component Designator: Old Designator=Q29 New Designator=Q30
Change Component Designator: Old Designator=Q30 New Designator=Q31
Change Component Designator: Old Designator=Q31 New Designator=Q32
Change Component Designator: Old Designator=Q32 New Designator=Q33
Change Component Designator: Old Designator=Q33 New Designator=Q34
Change Component Designator: Old Designator=Q34 New Designator=Q35
Change Component Designator: Old Designator=Q36 New Designator=Q1
Change Component Designator: Old Designator=R37 New Designator=R73
Change Component Designator: Old Designator=R38 New Designator=R74
Change Component Designator: Old Designator=R39 New Designator=R75
Change Component Designator: Old Designator=R40 New Designator=R76
Change Component Designator: Old Designator=R41 New Designator=R77
Change Component Designator: Old Designator=R42 New Designator=R78
Change Component Designator: Old Designator=R43 New Designator=R79
Change Component Designator: Old Designator=R44 New Designator=R80
Change Component Designator: Old Designator=R45 New Designator=R81
Change Component Designator: Old Designator=R46 New Designator=R82
Change Component Designator: Old Designator=R47 New Designator=R83
Change Component Designator: Old Designator=R48 New Designator=R84
Change Component Designator: Old Designator=R49 New Designator=R85
Change Component Designator: Old Designator=R50 New Designator=R86
Change Component Designator: Old Designator=R51 New Designator=R87
Change Component Designator: Old Designator=R52 New Designator=R88
Change Component Designator: Old Designator=R53 New Designator=R89
Change Component Designator: Old Designator=R54 New Designator=R90
Change Component Designator: Old Designator=R55 New Designator=R91
Change Component Designator: Old Designator=R56 New Designator=R92
Change Component Designator: Old Designator=R57 New Designator=R93
Change Component Designator: Old Designator=R58 New Designator=R94
Change Component Designator: Old Designator=R59 New Designator=R95
Change Component Designator: Old Designator=R60 New Designator=R96
Change Component Designator: Old Designator=R61 New Designator=R97
Change Component Designator: Old Designator=R62 New Designator=R98
Change Component Designator: Old Designator=R63 New Designator=R99
Change Component Designator: Old Designator=R64 New Designator=R100
Change Component Designator: Old Designator=R65 New Designator=R101
Change Component Designator: Old Designator=R66 New Designator=R102
Change Component Designator: Old Designator=R67 New Designator=R103
Change Component Designator: Old Designator=R68 New Designator=R104
Change Component Designator: Old Designator=R69 New Designator=R105
Change Component Designator: Old Designator=R70 New Designator=R106
Change Component Designator: Old Designator=R? New Designator=R3
Change Component Designator: Old Designator=R? New Designator=R4
Change Component Designator: Old Designator=R? New Designator=R5
Change Component Designator: Old Designator=R? New Designator=R6
Change Component Designator: Old Designator=R? New Designator=R7
Change Component Designator: Old Designator=R? New Designator=R8
Change Component Designator: Old Designator=R? New Designator=R9
Change Component Designator: Old Designator=R? New Designator=R10
Change Component Designator: Old Designator=R? New Designator=R11
Change Component Designator: Old Designator=R? New Designator=R12
Change Component Designator: Old Designator=R? New Designator=R13
Change Component Designator: Old Designator=R? New Designator=R14
Change Component Designator: Old Designator=R? New Designator=R15
Change Component Designator: Old Designator=R? New Designator=R16
Change Component Designator: Old Designator=R? New Designator=R17
Change Component Designator: Old Designator=R? New Designator=R18
Change Component Designator: Old Designator=R? New Designator=R19
Change Component Designator: Old Designator=R? New Designator=R20
Change Component Designator: Old Designator=R? New Designator=R21
Change Component Designator: Old Designator=R? New Designator=R22
Change Component Designator: Old Designator=R? New Designator=R23
Change Component Designator: Old Designator=R? New Designator=R24
Change Component Designator: Old Designator=R? New Designator=R25
Change Component Designator: Old Designator=R? New Designator=R26
Change Component Designator: Old Designator=R? New Designator=R27
Change Component Designator: Old Designator=R? New Designator=R28
Change Component Designator: Old Designator=R? New Designator=R29
Change Component Designator: Old Designator=R? New Designator=R30
Change Component Designator: Old Designator=R? New Designator=R31
Change Component Designator: Old Designator=R? New Designator=R32
Change Component Designator: Old Designator=R? New Designator=R33
Change Component Designator: Old Designator=R? New Designator=R34
Change Component Designator: Old Designator=R? New Designator=R35
Change Component Designator: Old Designator=R? New Designator=R36
Change Component Designator: Old Designator=R? New Designator=R37
Change Component Designator: Old Designator=R? New Designator=R38
Change Component Designator: Old Designator=R? New Designator=R39
Change Component Designator: Old Designator=R? New Designator=R40
Change Component Designator: Old Designator=R? New Designator=R41
Change Component Designator: Old Designator=R? New Designator=R42
Change Component Designator: Old Designator=R? New Designator=R43
Change Component Designator: Old Designator=R? New Designator=R44
Change Component Designator: Old Designator=R? New Designator=R45
Change Component Designator: Old Designator=R? New Designator=R46
Change Component Designator: Old Designator=R? New Designator=R47
Change Component Designator: Old Designator=R? New Designator=R48
Change Component Designator: Old Designator=R? New Designator=R49
Change Component Designator: Old Designator=R? New Designator=R50
Change Component Designator: Old Designator=R? New Designator=R51
Change Component Designator: Old Designator=R? New Designator=R52
Change Component Designator: Old Designator=R? New Designator=R53
Change Component Designator: Old Designator=R? New Designator=R54
Change Component Designator: Old Designator=R? New Designator=R55
Change Component Designator: Old Designator=R? New Designator=R56
Change Component Designator: Old Designator=R? New Designator=R57
Change Component Designator: Old Designator=R? New Designator=R58
Change Component Designator: Old Designator=R? New Designator=R59
Change Component Designator: Old Designator=R? New Designator=R60
Change Component Designator: Old Designator=R? New Designator=R61
Change Component Designator: Old Designator=R? New Designator=R62
Change Component Designator: Old Designator=R? New Designator=R63
Change Component Designator: Old Designator=R? New Designator=R64
Change Component Designator: Old Designator=R? New Designator=R65
Change Component Designator: Old Designator=R? New Designator=R66
Change Component Designator: Old Designator=R? New Designator=R67
Change Component Designator: Old Designator=R? New Designator=R68
Change Component Designator: Old Designator=R? New Designator=R69
Change Component Designator: Old Designator=R? New Designator=R70
Change Component Designator: Old Designator=R? New Designator=R71
Change Component Designator: Old Designator=TP? New Designator=TP1
Change Component Designator: Old Designator=TP? New Designator=TP2
Change Component Designator: Old Designator=TP? New Designator=TP3
Change Component Designator: Old Designator=TP? New Designator=TP4
Change Component Designator: Old Designator=TP? New Designator=TP5
Change Component Designator: Old Designator=TP? New Designator=TP6
Change Component Designator: Old Designator=TP? New Designator=TP7
Change Component Designator: Old Designator=TP? New Designator=TP8
Change Component Designator: Old Designator=TP? New Designator=TP9
Change Component Designator: Old Designator=TP? New Designator=TP10
Change Component Designator: Old Designator=TP? New Designator=TP11
Change Component Designator: Old Designator=TP? New Designator=TP12
Change Component Designator: Old Designator=TP? New Designator=TP13
Change Component Designator: Old Designator=TP? New Designator=TP14
Change Component Designator: Old Designator=TP? New Designator=TP15
Change Component Designator: Old Designator=TP? New Designator=TP16
Change Component Designator: Old Designator=TP? New Designator=TP17
Change Component Designator: Old Designator=TP? New Designator=TP18
Change Component Designator: Old Designator=TP? New Designator=TP19
Change Component Designator: Old Designator=TP? New Designator=TP20
Change Component Designator: Old Designator=TP? New Designator=TP21
Change Component Designator: Old Designator=TP? New Designator=TP22
Change Component Designator: Old Designator=TP? New Designator=TP23
Change Component Designator: Old Designator=TP? New Designator=TP24
Change Component Designator: Old Designator=TP? New Designator=TP25
Change Component Designator: Old Designator=TP? New Designator=TP26
Change Component Designator: Old Designator=TP? New Designator=TP27
Change Component Designator: Old Designator=TP? New Designator=TP28
Change Component Designator: Old Designator=TP? New Designator=TP29
Change Component Designator: Old Designator=TP? New Designator=TP30
Change Component Designator: Old Designator=TP? New Designator=TP31
Change Component Designator: Old Designator=TP? New Designator=TP32
Change Component Designator: Old Designator=TP? New Designator=TP33
Change Component Designator: Old Designator=TP? New Designator=TP34
Change Component Designator: Old Designator=TP? New Designator=TP35
Change Component Designator: Old Designator=U2 New Designator=U3
Change Component Designator: Old Designator=U3 New Designator=U4
Change Component Designator: Old Designator=U? New Designator=U2
